{"/home/nora/School/olinjs/olinjs_assign/twot/app.js":{"path":"/home/nora/School/olinjs/olinjs_assign/twot/app.js","s":{"1":1,"2":1,"3":1,"4":1,"5":1,"6":1,"7":1,"8":1,"9":1,"10":1,"11":1,"12":1,"13":1,"14":1,"15":1,"16":1,"17":1,"18":1,"19":1,"20":1,"21":1,"22":1,"23":1,"24":1,"25":1,"26":1,"27":1,"28":1,"29":1,"30":0,"31":0,"32":0,"33":1,"34":1,"35":1,"36":1,"37":1,"38":0,"39":1,"40":0,"41":1,"42":1,"43":0,"44":0,"45":0,"46":0,"47":1,"48":0,"49":1,"50":0,"51":0,"52":0,"53":1,"54":1,"55":1,"56":1,"57":1,"58":1,"59":1,"60":1,"61":1},"b":{"1":[0,0],"2":[1,1]},"f":{"1":0,"2":0,"3":0,"4":0,"5":0,"6":0,"7":0,"8":1},"fnMap":{"1":{"name":"(anonymous_1)","line":52,"loc":{"start":{"line":52,"column":2},"end":{"line":52,"column":51}}},"2":{"name":"(anonymous_2)","line":53,"loc":{"start":{"line":53,"column":50},"end":{"line":53,"column":71}}},"3":{"name":"(anonymous_3)","line":67,"loc":{"start":{"line":67,"column":23},"end":{"line":67,"column":44}}},"4":{"name":"(anonymous_4)","line":71,"loc":{"start":{"line":71,"column":25},"end":{"line":71,"column":46}}},"5":{"name":"(anonymous_5)","line":80,"loc":{"start":{"line":80,"column":2},"end":{"line":80,"column":21}}},"6":{"name":"(anonymous_6)","line":87,"loc":{"start":{"line":87,"column":38},"end":{"line":87,"column":57}}},"7":{"name":"ensureAuthenticated","line":91,"loc":{"start":{"line":91,"column":0},"end":{"line":91,"column":45}}},"8":{"name":"(anonymous_8)","line":106,"loc":{"start":{"line":106,"column":17},"end":{"line":106,"column":28}}}},"statementMap":{"1":{"start":{"line":1,"column":0},"end":{"line":1,"column":33}},"2":{"start":{"line":2,"column":0},"end":{"line":2,"column":20}},"3":{"start":{"line":3,"column":0},"end":{"line":3,"column":43}},"4":{"start":{"line":4,"column":0},"end":{"line":4,"column":27}},"5":{"start":{"line":5,"column":0},"end":{"line":5,"column":31}},"6":{"start":{"line":6,"column":0},"end":{"line":6,"column":44}},"7":{"start":{"line":7,"column":0},"end":{"line":7,"column":40}},"8":{"start":{"line":8,"column":0},"end":{"line":8,"column":41}},"9":{"start":{"line":9,"column":0},"end":{"line":9,"column":35}},"10":{"start":{"line":10,"column":0},"end":{"line":10,"column":65}},"11":{"start":{"line":11,"column":0},"end":{"line":11,"column":49}},"12":{"start":{"line":13,"column":0},"end":{"line":13,"column":38}},"13":{"start":{"line":14,"column":0},"end":{"line":14,"column":29}},"14":{"start":{"line":16,"column":0},"end":{"line":16,"column":35}},"15":{"start":{"line":17,"column":0},"end":{"line":17,"column":47}},"16":{"start":{"line":19,"column":0},"end":{"line":19,"column":37}},"17":{"start":{"line":20,"column":0},"end":{"line":20,"column":37}},"18":{"start":{"line":22,"column":0},"end":{"line":22,"column":23}},"19":{"start":{"line":23,"column":0},"end":{"line":23,"column":27}},"20":{"start":{"line":24,"column":0},"end":{"line":24,"column":52}},"21":{"start":{"line":25,"column":0},"end":{"line":25,"column":24}},"22":{"start":{"line":26,"column":0},"end":{"line":26,"column":56}},"23":{"start":{"line":27,"column":0},"end":{"line":32,"column":4}},"24":{"start":{"line":36,"column":0},"end":{"line":36,"column":51}},"25":{"start":{"line":37,"column":0},"end":{"line":40,"column":3}},"26":{"start":{"line":42,"column":0},"end":{"line":42,"column":32}},"27":{"start":{"line":43,"column":0},"end":{"line":43,"column":46}},"28":{"start":{"line":45,"column":0},"end":{"line":45,"column":29}},"29":{"start":{"line":46,"column":0},"end":{"line":58,"column":3}},"30":{"start":{"line":53,"column":6},"end":{"line":56,"column":9}},"31":{"start":{"line":54,"column":7},"end":{"line":54,"column":43}},"32":{"start":{"line":55,"column":8},"end":{"line":55,"column":29}},"33":{"start":{"line":60,"column":0},"end":{"line":60,"column":56}},"34":{"start":{"line":61,"column":0},"end":{"line":63,"column":31}},"35":{"start":{"line":64,"column":0},"end":{"line":64,"column":31}},"36":{"start":{"line":65,"column":0},"end":{"line":65,"column":28}},"37":{"start":{"line":67,"column":0},"end":{"line":69,"column":3}},"38":{"start":{"line":68,"column":2},"end":{"line":68,"column":19}},"39":{"start":{"line":71,"column":0},"end":{"line":73,"column":3}},"40":{"start":{"line":72,"column":2},"end":{"line":72,"column":19}},"41":{"start":{"line":75,"column":0},"end":{"line":76,"column":59}},"42":{"start":{"line":78,"column":0},"end":{"line":85,"column":5}},"43":{"start":{"line":81,"column":4},"end":{"line":81,"column":63}},"44":{"start":{"line":82,"column":4},"end":{"line":82,"column":44}},"45":{"start":{"line":83,"column":4},"end":{"line":83,"column":45}},"46":{"start":{"line":84,"column":4},"end":{"line":84,"column":27}},"47":{"start":{"line":87,"column":0},"end":{"line":89,"column":3}},"48":{"start":{"line":88,"column":2},"end":{"line":88,"column":21}},"49":{"start":{"line":91,"column":0},"end":{"line":94,"column":1}},"50":{"start":{"line":92,"column":2},"end":{"line":92,"column":47}},"51":{"start":{"line":92,"column":31},"end":{"line":92,"column":45}},"52":{"start":{"line":93,"column":4},"end":{"line":93,"column":18}},"53":{"start":{"line":98,"column":0},"end":{"line":98,"column":30}},"54":{"start":{"line":99,"column":0},"end":{"line":99,"column":32}},"55":{"start":{"line":100,"column":0},"end":{"line":100,"column":35}},"56":{"start":{"line":101,"column":0},"end":{"line":101,"column":38}},"57":{"start":{"line":102,"column":0},"end":{"line":102,"column":32}},"58":{"start":{"line":105,"column":0},"end":{"line":105,"column":36}},"59":{"start":{"line":106,"column":0},"end":{"line":108,"column":3}},"60":{"start":{"line":107,"column":2},"end":{"line":107,"column":52}},"61":{"start":{"line":110,"column":0},"end":{"line":110,"column":21}}},"branchMap":{"1":{"line":92,"type":"if","locations":[{"start":{"line":92,"column":2},"end":{"line":92,"column":2}},{"start":{"line":92,"column":2},"end":{"line":92,"column":2}}]},"2":{"line":105,"type":"binary-expr","locations":[{"start":{"line":105,"column":11},"end":{"line":105,"column":27}},{"start":{"line":105,"column":31},"end":{"line":105,"column":35}}]}}},"/home/nora/School/olinjs/olinjs_assign/twot/routes/index.js":{"path":"/home/nora/School/olinjs/olinjs_assign/twot/routes/index.js","s":{"1":1,"2":1,"3":1,"4":1,"5":1,"6":2,"7":2,"8":0,"9":0,"10":2,"11":1,"12":1,"13":0,"14":0,"15":0,"16":0,"17":0,"18":0,"19":0,"20":0,"21":0,"22":0,"23":0,"24":0,"25":0,"26":0,"27":0,"28":0,"29":0,"30":0,"31":1,"32":1,"33":1,"34":1,"35":1,"36":0,"37":1,"38":1,"39":1,"40":0,"41":0,"42":0,"43":0,"44":0,"45":0,"46":0,"47":0,"48":0,"49":1,"50":1,"51":0,"52":0,"53":0,"54":0,"55":0,"56":0,"57":0,"58":0,"59":1},"b":{"1":[0,2],"2":[0,0],"3":[0,0],"4":[0,0],"5":[0,0],"6":[0,1],"7":[0,0],"8":[0,0],"9":[0,0],"10":[0,0]},"f":{"1":2,"2":0,"3":0,"4":0,"5":1,"6":1,"7":1,"8":0,"9":0,"10":0,"11":0},"fnMap":{"1":{"name":"(anonymous_1)","line":9,"loc":{"start":{"line":9,"column":16},"end":{"line":9,"column":34}}},"2":{"name":"(anonymous_2)","line":22,"loc":{"start":{"line":22,"column":12},"end":{"line":22,"column":30}}},"3":{"name":"(anonymous_3)","line":27,"loc":{"start":{"line":27,"column":46},"end":{"line":27,"column":66}}},"4":{"name":"(anonymous_4)","line":31,"loc":{"start":{"line":31,"column":16},"end":{"line":31,"column":32}}},"5":{"name":"(anonymous_5)","line":61,"loc":{"start":{"line":61,"column":16},"end":{"line":61,"column":34}}},"6":{"name":"(anonymous_6)","line":62,"loc":{"start":{"line":62,"column":35},"end":{"line":62,"column":55}}},"7":{"name":"(anonymous_7)","line":63,"loc":{"start":{"line":63,"column":17},"end":{"line":63,"column":38}}},"8":{"name":"(anonymous_8)","line":84,"loc":{"start":{"line":84,"column":14},"end":{"line":84,"column":32}}},"9":{"name":"(anonymous_9)","line":90,"loc":{"start":{"line":90,"column":12},"end":{"line":90,"column":27}}},"10":{"name":"(anonymous_10)","line":109,"loc":{"start":{"line":109,"column":17},"end":{"line":109,"column":35}}},"11":{"name":"(anonymous_11)","line":112,"loc":{"start":{"line":112,"column":36},"end":{"line":112,"column":57}}}},"statementMap":{"1":{"start":{"line":1,"column":0},"end":{"line":1,"column":46}},"2":{"start":{"line":2,"column":0},"end":{"line":2,"column":46}},"3":{"start":{"line":3,"column":0},"end":{"line":3,"column":35}},"4":{"start":{"line":4,"column":0},"end":{"line":4,"column":27}},"5":{"start":{"line":9,"column":0},"end":{"line":17,"column":2}},"6":{"start":{"line":10,"column":1},"end":{"line":10,"column":44}},"7":{"start":{"line":11,"column":1},"end":{"line":16,"column":2}},"8":{"start":{"line":12,"column":2},"end":{"line":12,"column":30}},"9":{"start":{"line":13,"column":2},"end":{"line":13,"column":51}},"10":{"start":{"line":15,"column":2},"end":{"line":15,"column":26}},"11":{"start":{"line":19,"column":0},"end":{"line":19,"column":37}},"12":{"start":{"line":22,"column":0},"end":{"line":53,"column":2}},"13":{"start":{"line":23,"column":1},"end":{"line":26,"column":4}},"14":{"start":{"line":27,"column":1},"end":{"line":52,"column":4}},"15":{"start":{"line":28,"column":2},"end":{"line":28,"column":44}},"16":{"start":{"line":28,"column":11},"end":{"line":28,"column":44}},"17":{"start":{"line":29,"column":2},"end":{"line":51,"column":3}},"18":{"start":{"line":30,"column":3},"end":{"line":30,"column":88}},"19":{"start":{"line":31,"column":3},"end":{"line":38,"column":6}},"20":{"start":{"line":32,"column":4},"end":{"line":37,"column":5}},"21":{"start":{"line":32,"column":13},"end":{"line":32,"column":65}},"22":{"start":{"line":34,"column":5},"end":{"line":34,"column":45}},"23":{"start":{"line":35,"column":5},"end":{"line":35,"column":46}},"24":{"start":{"line":36,"column":5},"end":{"line":36,"column":28}},"25":{"start":{"line":40,"column":3},"end":{"line":40,"column":80}},"26":{"start":{"line":41,"column":3},"end":{"line":41,"column":54}},"27":{"start":{"line":42,"column":3},"end":{"line":50,"column":4}},"28":{"start":{"line":43,"column":4},"end":{"line":43,"column":45}},"29":{"start":{"line":44,"column":4},"end":{"line":47,"column":7}},"30":{"start":{"line":49,"column":4},"end":{"line":49,"column":31}},"31":{"start":{"line":55,"column":0},"end":{"line":55,"column":29}},"32":{"start":{"line":61,"column":0},"end":{"line":79,"column":2}},"33":{"start":{"line":62,"column":1},"end":{"line":78,"column":4}},"34":{"start":{"line":63,"column":2},"end":{"line":77,"column":5}},"35":{"start":{"line":64,"column":3},"end":{"line":76,"column":4}},"36":{"start":{"line":65,"column":4},"end":{"line":69,"column":7}},"37":{"start":{"line":71,"column":4},"end":{"line":75,"column":7}},"38":{"start":{"line":81,"column":0},"end":{"line":81,"column":37}},"39":{"start":{"line":84,"column":0},"end":{"line":104,"column":2}},"40":{"start":{"line":85,"column":1},"end":{"line":103,"column":2}},"41":{"start":{"line":86,"column":2},"end":{"line":89,"column":6}},"42":{"start":{"line":90,"column":2},"end":{"line":93,"column":5}},"43":{"start":{"line":91,"column":3},"end":{"line":92,"column":48}},"44":{"start":{"line":91,"column":12},"end":{"line":91,"column":63}},"45":{"start":{"line":92,"column":8},"end":{"line":92,"column":48}},"46":{"start":{"line":94,"column":2},"end":{"line":94,"column":24}},"47":{"start":{"line":95,"column":2},"end":{"line":100,"column":5}},"48":{"start":{"line":102,"column":2},"end":{"line":102,"column":29}},"49":{"start":{"line":106,"column":0},"end":{"line":106,"column":33}},"50":{"start":{"line":109,"column":0},"end":{"line":120,"column":2}},"51":{"start":{"line":110,"column":1},"end":{"line":119,"column":2}},"52":{"start":{"line":111,"column":2},"end":{"line":111,"column":24}},"53":{"start":{"line":112,"column":2},"end":{"line":115,"column":5}},"54":{"start":{"line":113,"column":3},"end":{"line":114,"column":34}},"55":{"start":{"line":113,"column":12},"end":{"line":113,"column":37}},"56":{"start":{"line":114,"column":8},"end":{"line":114,"column":34}},"57":{"start":{"line":117,"column":2},"end":{"line":117,"column":99}},"58":{"start":{"line":118,"column":2},"end":{"line":118,"column":29}},"59":{"start":{"line":122,"column":0},"end":{"line":122,"column":39}}},"branchMap":{"1":{"line":11,"type":"if","locations":[{"start":{"line":11,"column":1},"end":{"line":11,"column":1}},{"start":{"line":11,"column":1},"end":{"line":11,"column":1}}]},"2":{"line":28,"type":"if","locations":[{"start":{"line":28,"column":2},"end":{"line":28,"column":2}},{"start":{"line":28,"column":2},"end":{"line":28,"column":2}}]},"3":{"line":29,"type":"if","locations":[{"start":{"line":29,"column":2},"end":{"line":29,"column":2}},{"start":{"line":29,"column":2},"end":{"line":29,"column":2}}]},"4":{"line":32,"type":"if","locations":[{"start":{"line":32,"column":4},"end":{"line":32,"column":4}},{"start":{"line":32,"column":4},"end":{"line":32,"column":4}}]},"5":{"line":42,"type":"if","locations":[{"start":{"line":42,"column":3},"end":{"line":42,"column":3}},{"start":{"line":42,"column":3},"end":{"line":42,"column":3}}]},"6":{"line":64,"type":"if","locations":[{"start":{"line":64,"column":3},"end":{"line":64,"column":3}},{"start":{"line":64,"column":3},"end":{"line":64,"column":3}}]},"7":{"line":85,"type":"if","locations":[{"start":{"line":85,"column":1},"end":{"line":85,"column":1}},{"start":{"line":85,"column":1},"end":{"line":85,"column":1}}]},"8":{"line":91,"type":"if","locations":[{"start":{"line":91,"column":3},"end":{"line":91,"column":3}},{"start":{"line":91,"column":3},"end":{"line":91,"column":3}}]},"9":{"line":110,"type":"if","locations":[{"start":{"line":110,"column":1},"end":{"line":110,"column":1}},{"start":{"line":110,"column":1},"end":{"line":110,"column":1}}]},"10":{"line":113,"type":"if","locations":[{"start":{"line":113,"column":3},"end":{"line":113,"column":3}},{"start":{"line":113,"column":3},"end":{"line":113,"column":3}}]}}},"/home/nora/School/olinjs/olinjs_assign/twot/models/userModel.js":{"path":"/home/nora/School/olinjs/olinjs_assign/twot/models/userModel.js","s":{"1":1,"2":1,"3":1,"4":1,"5":1},"b":{},"f":{},"fnMap":{},"statementMap":{"1":{"start":{"line":1,"column":0},"end":{"line":1,"column":35}},"2":{"start":{"line":2,"column":0},"end":{"line":2,"column":51}},"3":{"start":{"line":5,"column":0},"end":{"line":8,"column":3}},"4":{"start":{"line":10,"column":0},"end":{"line":10,"column":32}},"5":{"start":{"line":12,"column":0},"end":{"line":12,"column":53}}},"branchMap":{}},"/home/nora/School/olinjs/olinjs_assign/twot/models/twotModel.js":{"path":"/home/nora/School/olinjs/olinjs_assign/twot/models/twotModel.js","s":{"1":1,"2":1,"3":1},"b":{},"f":{},"fnMap":{},"statementMap":{"1":{"start":{"line":1,"column":0},"end":{"line":1,"column":35}},"2":{"start":{"line":4,"column":0},"end":{"line":7,"column":3}},"3":{"start":{"line":9,"column":0},"end":{"line":9,"column":53}}},"branchMap":{}},"/home/nora/School/olinjs/olinjs_assign/twot/auth.js":{"path":"/home/nora/School/olinjs/olinjs_assign/twot/auth.js","s":{"1":1,"2":1},"b":{},"f":{},"fnMap":{},"statementMap":{"1":{"start":{"line":1,"column":0},"end":{"line":5,"column":4}},"2":{"start":{"line":7,"column":2},"end":{"line":7,"column":24}}},"branchMap":{}}}