TN:
SF:/home/nora/School/olinjs/olinjs_assign/twot/app.js
FN:52,(anonymous_1)
FN:53,(anonymous_2)
FN:67,(anonymous_3)
FN:71,(anonymous_4)
FN:80,(anonymous_5)
FN:87,(anonymous_6)
FN:91,ensureAuthenticated
FN:106,(anonymous_8)
FNF:8
FNH:1
FNDA:0,(anonymous_1)
FNDA:0,(anonymous_2)
FNDA:0,(anonymous_3)
FNDA:0,(anonymous_4)
FNDA:0,(anonymous_5)
FNDA:0,(anonymous_6)
FNDA:0,ensureAuthenticated
FNDA:1,(anonymous_8)
DA:1,1
DA:2,1
DA:3,1
DA:4,1
DA:5,1
DA:6,1
DA:7,1
DA:8,1
DA:9,1
DA:10,1
DA:11,1
DA:13,1
DA:14,1
DA:16,1
DA:17,1
DA:19,1
DA:20,1
DA:22,1
DA:23,1
DA:24,1
DA:25,1
DA:26,1
DA:27,1
DA:36,1
DA:37,1
DA:42,1
DA:43,1
DA:45,1
DA:46,1
DA:53,0
DA:54,0
DA:55,0
DA:60,1
DA:61,1
DA:64,1
DA:65,1
DA:67,1
DA:68,0
DA:71,1
DA:72,0
DA:75,1
DA:78,1
DA:81,0
DA:82,0
DA:83,0
DA:84,0
DA:87,1
DA:88,0
DA:91,1
DA:92,0
DA:93,0
DA:98,1
DA:99,1
DA:100,1
DA:101,1
DA:102,1
DA:105,1
DA:106,1
DA:107,1
DA:110,1
LF:60
LH:48
BRDA:92,1,0,0
BRDA:92,1,1,0
BRDA:105,2,0,1
BRDA:105,2,1,1
BRF:4
BRH:2
end_of_record
TN:
SF:/home/nora/School/olinjs/olinjs_assign/twot/routes/index.js
FN:9,(anonymous_1)
FN:22,(anonymous_2)
FN:27,(anonymous_3)
FN:31,(anonymous_4)
FN:61,(anonymous_5)
FN:62,(anonymous_6)
FN:63,(anonymous_7)
FN:84,(anonymous_8)
FN:90,(anonymous_9)
FN:109,(anonymous_10)
FN:112,(anonymous_11)
FNF:11
FNH:4
FNDA:2,(anonymous_1)
FNDA:0,(anonymous_2)
FNDA:0,(anonymous_3)
FNDA:0,(anonymous_4)
FNDA:1,(anonymous_5)
FNDA:1,(anonymous_6)
FNDA:1,(anonymous_7)
FNDA:0,(anonymous_8)
FNDA:0,(anonymous_9)
FNDA:0,(anonymous_10)
FNDA:0,(anonymous_11)
DA:1,1
DA:2,1
DA:3,1
DA:4,1
DA:9,1
DA:10,2
DA:11,2
DA:12,0
DA:13,0
DA:15,2
DA:19,1
DA:22,1
DA:23,0
DA:27,0
DA:28,0
DA:29,0
DA:30,0
DA:31,0
DA:32,0
DA:34,0
DA:35,0
DA:36,0
DA:40,0
DA:41,0
DA:42,0
DA:43,0
DA:44,0
DA:49,0
DA:55,1
DA:61,1
DA:62,1
DA:63,1
DA:64,1
DA:65,0
DA:71,1
DA:81,1
DA:84,1
DA:85,0
DA:86,0
DA:90,0
DA:91,0
DA:92,0
DA:94,0
DA:95,0
DA:102,0
DA:106,1
DA:109,1
DA:110,0
DA:111,0
DA:112,0
DA:113,0
DA:114,0
DA:117,0
DA:118,0
DA:122,1
LF:55
LH:21
BRDA:11,1,0,0
BRDA:11,1,1,2
BRDA:28,2,0,0
BRDA:28,2,1,0
BRDA:29,3,0,0
BRDA:29,3,1,0
BRDA:32,4,0,0
BRDA:32,4,1,0
BRDA:42,5,0,0
BRDA:42,5,1,0
BRDA:64,6,0,0
BRDA:64,6,1,1
BRDA:85,7,0,0
BRDA:85,7,1,0
BRDA:91,8,0,0
BRDA:91,8,1,0
BRDA:110,9,0,0
BRDA:110,9,1,0
BRDA:113,10,0,0
BRDA:113,10,1,0
BRF:20
BRH:2
end_of_record
TN:
SF:/home/nora/School/olinjs/olinjs_assign/twot/models/userModel.js
FNF:0
FNH:0
DA:1,1
DA:2,1
DA:5,1
DA:10,1
DA:12,1
LF:5
LH:5
BRF:0
BRH:0
end_of_record
TN:
SF:/home/nora/School/olinjs/olinjs_assign/twot/models/twotModel.js
FNF:0
FNH:0
DA:1,1
DA:4,1
DA:9,1
LF:3
LH:3
BRF:0
BRH:0
end_of_record
TN:
SF:/home/nora/School/olinjs/olinjs_assign/twot/auth.js
FNF:0
FNH:0
DA:1,1
DA:7,1
LF:2
LH:2
BRF:0
BRH:0
end_of_record
